{"/Users/ncatalan/Documents/Proyect/app-vendor/hooks/useAuth.ts": {"path":"/Users/ncatalan/Documents/Proyect/app-vendor/hooks/useAuth.ts","statementMap":{"0":{"start":{"line":7,"column":0},"end":{"line":7,"column":38}},"1":{"start":{"line":9,"column":18},"end":{"line":9,"column":62}},"2":{"start":{"line":10,"column":22},"end":{"line":10,"column":70}},"3":{"start":{"line":11,"column":20},"end":{"line":11,"column":64}},"4":{"start":{"line":12,"column":21},"end":{"line":12,"column":63}},"5":{"start":{"line":14,"column":20},"end":{"line":20,"column":1}},"6":{"start":{"line":29,"column":48},"end":{"line":29,"column":63}},"7":{"start":{"line":30,"column":26},"end":{"line":30,"column":55}},"8":{"start":{"line":31,"column":32},"end":{"line":31,"column":46}},"9":{"start":{"line":33,"column":22},"end":{"line":33,"column":75}},"10":{"start":{"line":35,"column":20},"end":{"line":38,"column":3}},"11":{"start":{"line":40,"column":43},"end":{"line":49,"column":3}},"12":{"start":{"line":51,"column":2},"end":{"line":65,"column":9}},"13":{"start":{"line":52,"column":4},"end":{"line":64,"column":9}},"14":{"start":{"line":53,"column":20},"end":{"line":53,"column":76}},"15":{"start":{"line":54,"column":6},"end":{"line":62,"column":7}},"16":{"start":{"line":55,"column":23},"end":{"line":55,"column":74}},"17":{"start":{"line":56,"column":25},"end":{"line":56,"column":77}},"18":{"start":{"line":57,"column":22},"end":{"line":57,"column":71}},"19":{"start":{"line":58,"column":8},"end":{"line":61,"column":9}},"20":{"start":{"line":59,"column":10},"end":{"line":59,"column":64}},"21":{"start":{"line":60,"column":10},"end":{"line":60,"column":35}},"22":{"start":{"line":63,"column":6},"end":{"line":63,"column":24}},"23":{"start":{"line":67,"column":2},"end":{"line":72,"column":17}},"24":{"start":{"line":68,"column":4},"end":{"line":71,"column":5}},"25":{"start":{"line":69,"column":23},"end":{"line":69,"column":38}},"26":{"start":{"line":70,"column":6},"end":{"line":70,"column":33}},"27":{"start":{"line":74,"column":31},"end":{"line":114,"column":3}},"28":{"start":{"line":75,"column":4},"end":{"line":113,"column":5}},"29":{"start":{"line":76,"column":19},"end":{"line":83,"column":8}},"30":{"start":{"line":85,"column":18},"end":{"line":89,"column":8}},"31":{"start":{"line":91,"column":6},"end":{"line":91,"column":60}},"32":{"start":{"line":91,"column":19},"end":{"line":91,"column":60}},"33":{"start":{"line":93,"column":19},"end":{"line":93,"column":35}},"34":{"start":{"line":94,"column":6},"end":{"line":94,"column":82}},"35":{"start":{"line":95,"column":6},"end":{"line":95,"column":84}},"36":{"start":{"line":98,"column":22},"end":{"line":100,"column":8}},"37":{"start":{"line":101,"column":23},"end":{"line":101,"column":43}},"38":{"start":{"line":103,"column":6},"end":{"line":103,"column":79}},"39":{"start":{"line":104,"column":6},"end":{"line":104,"column":78}},"40":{"start":{"line":105,"column":6},"end":{"line":105,"column":78}},"41":{"start":{"line":107,"column":6},"end":{"line":107,"column":95}},"42":{"start":{"line":108,"column":6},"end":{"line":108,"column":31}},"43":{"start":{"line":110,"column":6},"end":{"line":112,"column":7}},"44":{"start":{"line":111,"column":8},"end":{"line":111,"column":40}},"45":{"start":{"line":116,"column":25},"end":{"line":118,"column":3}},"46":{"start":{"line":117,"column":4},"end":{"line":117,"column":68}},"47":{"start":{"line":120,"column":29},"end":{"line":145,"column":3}},"48":{"start":{"line":121,"column":25},"end":{"line":121,"column":82}},"49":{"start":{"line":122,"column":4},"end":{"line":122,"column":35}},"50":{"start":{"line":122,"column":23},"end":{"line":122,"column":35}},"51":{"start":{"line":124,"column":17},"end":{"line":129,"column":6}},"52":{"start":{"line":131,"column":16},"end":{"line":135,"column":6}},"53":{"start":{"line":137,"column":4},"end":{"line":137,"column":29}},"54":{"start":{"line":137,"column":17},"end":{"line":137,"column":29}},"55":{"start":{"line":139,"column":17},"end":{"line":139,"column":33}},"56":{"start":{"line":140,"column":4},"end":{"line":140,"column":80}},"57":{"start":{"line":141,"column":4},"end":{"line":143,"column":5}},"58":{"start":{"line":142,"column":6},"end":{"line":142,"column":84}},"59":{"start":{"line":144,"column":4},"end":{"line":144,"column":29}},"60":{"start":{"line":147,"column":16},"end":{"line":149,"column":19}},"61":{"start":{"line":148,"column":4},"end":{"line":148,"column":24}},"62":{"start":{"line":151,"column":17},"end":{"line":155,"column":8}},"63":{"start":{"line":152,"column":4},"end":{"line":152,"column":93}},"64":{"start":{"line":152,"column":60},"end":{"line":152,"column":90}},"65":{"start":{"line":153,"column":4},"end":{"line":153,"column":18}},"66":{"start":{"line":154,"column":4},"end":{"line":154,"column":30}},"67":{"start":{"line":157,"column":2},"end":{"line":157,"column":95}}},"fnMap":{"0":{"name":"useAuth","decl":{"start":{"line":28,"column":16},"end":{"line":28,"column":23}},"loc":{"start":{"line":28,"column":26},"end":{"line":158,"column":1}},"line":28},"1":{"name":"(anonymous_1)","decl":{"start":{"line":51,"column":12},"end":{"line":51,"column":13}},"loc":{"start":{"line":51,"column":18},"end":{"line":65,"column":3}},"line":51},"2":{"name":"(anonymous_2)","decl":{"start":{"line":52,"column":5},"end":{"line":52,"column":6}},"loc":{"start":{"line":52,"column":17},"end":{"line":64,"column":5}},"line":52},"3":{"name":"(anonymous_3)","decl":{"start":{"line":67,"column":12},"end":{"line":67,"column":13}},"loc":{"start":{"line":67,"column":18},"end":{"line":72,"column":3}},"line":67},"4":{"name":"(anonymous_4)","decl":{"start":{"line":74,"column":31},"end":{"line":74,"column":32}},"loc":{"start":{"line":74,"column":55},"end":{"line":114,"column":3}},"line":74},"5":{"name":"(anonymous_5)","decl":{"start":{"line":116,"column":25},"end":{"line":116,"column":26}},"loc":{"start":{"line":116,"column":61},"end":{"line":118,"column":3}},"line":116},"6":{"name":"(anonymous_6)","decl":{"start":{"line":120,"column":29},"end":{"line":120,"column":30}},"loc":{"start":{"line":120,"column":65},"end":{"line":145,"column":3}},"line":120},"7":{"name":"(anonymous_7)","decl":{"start":{"line":147,"column":28},"end":{"line":147,"column":29}},"loc":{"start":{"line":147,"column":40},"end":{"line":149,"column":3}},"line":147},"8":{"name":"(anonymous_8)","decl":{"start":{"line":151,"column":29},"end":{"line":151,"column":30}},"loc":{"start":{"line":151,"column":41},"end":{"line":155,"column":3}},"line":151},"9":{"name":"(anonymous_9)","decl":{"start":{"line":152,"column":53},"end":{"line":152,"column":54}},"loc":{"start":{"line":152,"column":60},"end":{"line":152,"column":90}},"line":152}},"branchMap":{"0":{"loc":{"start":{"line":9,"column":18},"end":{"line":9,"column":62}},"type":"binary-expr","locations":[{"start":{"line":9,"column":18},"end":{"line":9,"column":56}},{"start":{"line":9,"column":60},"end":{"line":9,"column":62}}],"line":9},"1":{"loc":{"start":{"line":10,"column":22},"end":{"line":10,"column":70}},"type":"binary-expr","locations":[{"start":{"line":10,"column":22},"end":{"line":10,"column":64}},{"start":{"line":10,"column":68},"end":{"line":10,"column":70}}],"line":10},"2":{"loc":{"start":{"line":54,"column":6},"end":{"line":62,"column":7}},"type":"if","locations":[{"start":{"line":54,"column":6},"end":{"line":62,"column":7}},{"start":{},"end":{}}],"line":54},"3":{"loc":{"start":{"line":58,"column":8},"end":{"line":61,"column":9}},"type":"if","locations":[{"start":{"line":58,"column":8},"end":{"line":61,"column":9}},{"start":{},"end":{}}],"line":58},"4":{"loc":{"start":{"line":58,"column":12},"end":{"line":58,"column":30}},"type":"binary-expr","locations":[{"start":{"line":58,"column":12},"end":{"line":58,"column":18}},{"start":{"line":58,"column":22},"end":{"line":58,"column":30}}],"line":58},"5":{"loc":{"start":{"line":59,"column":49},"end":{"line":59,"column":60}},"type":"binary-expr","locations":[{"start":{"line":59,"column":49},"end":{"line":59,"column":54}},{"start":{"line":59,"column":58},"end":{"line":59,"column":60}}],"line":59},"6":{"loc":{"start":{"line":68,"column":4},"end":{"line":71,"column":5}},"type":"if","locations":[{"start":{"line":68,"column":4},"end":{"line":71,"column":5}},{"start":{},"end":{}}],"line":68},"7":{"loc":{"start":{"line":79,"column":12},"end":{"line":79,"column":65}},"type":"cond-expr","locations":[{"start":{"line":79,"column":28},"end":{"line":79,"column":60}},{"start":{"line":79,"column":63},"end":{"line":79,"column":65}}],"line":79},"8":{"loc":{"start":{"line":82,"column":23},"end":{"line":82,"column":50}},"type":"binary-expr","locations":[{"start":{"line":82,"column":23},"end":{"line":82,"column":44}},{"start":{"line":82,"column":48},"end":{"line":82,"column":50}}],"line":82},"9":{"loc":{"start":{"line":91,"column":6},"end":{"line":91,"column":60}},"type":"if","locations":[{"start":{"line":91,"column":6},"end":{"line":91,"column":60}},{"start":{},"end":{}}],"line":91},"10":{"loc":{"start":{"line":105,"column":56},"end":{"line":105,"column":76}},"type":"binary-expr","locations":[{"start":{"line":105,"column":56},"end":{"line":105,"column":70}},{"start":{"line":105,"column":74},"end":{"line":105,"column":76}}],"line":105},"11":{"loc":{"start":{"line":110,"column":6},"end":{"line":112,"column":7}},"type":"if","locations":[{"start":{"line":110,"column":6},"end":{"line":112,"column":7}},{"start":{},"end":{}}],"line":110},"12":{"loc":{"start":{"line":122,"column":4},"end":{"line":122,"column":35}},"type":"if","locations":[{"start":{"line":122,"column":4},"end":{"line":122,"column":35}},{"start":{},"end":{}}],"line":122},"13":{"loc":{"start":{"line":127,"column":10},"end":{"line":127,"column":63}},"type":"cond-expr","locations":[{"start":{"line":127,"column":26},"end":{"line":127,"column":58}},{"start":{"line":127,"column":61},"end":{"line":127,"column":63}}],"line":127},"14":{"loc":{"start":{"line":137,"column":4},"end":{"line":137,"column":29}},"type":"if","locations":[{"start":{"line":137,"column":4},"end":{"line":137,"column":29}},{"start":{},"end":{}}],"line":137},"15":{"loc":{"start":{"line":141,"column":4},"end":{"line":143,"column":5}},"type":"if","locations":[{"start":{"line":141,"column":4},"end":{"line":143,"column":5}},{"start":{},"end":{}}],"line":141}},"s":{"0":0,"1":0,"2":0,"3":0,"4":0,"5":0,"6":0,"7":0,"8":0,"9":0,"10":0,"11":0,"12":0,"13":0,"14":0,"15":0,"16":0,"17":0,"18":0,"19":0,"20":0,"21":0,"22":0,"23":0,"24":0,"25":0,"26":0,"27":0,"28":0,"29":0,"30":0,"31":0,"32":0,"33":0,"34":0,"35":0,"36":0,"37":0,"38":0,"39":0,"40":0,"41":0,"42":0,"43":0,"44":0,"45":0,"46":0,"47":0,"48":0,"49":0,"50":0,"51":0,"52":0,"53":0,"54":0,"55":0,"56":0,"57":0,"58":0,"59":0,"60":0,"61":0,"62":0,"63":0,"64":0,"65":0,"66":0,"67":0},"f":{"0":0,"1":0,"2":0,"3":0,"4":0,"5":0,"6":0,"7":0,"8":0,"9":0},"b":{"0":[0,0],"1":[0,0],"2":[0,0],"3":[0,0],"4":[0,0],"5":[0,0],"6":[0,0],"7":[0,0],"8":[0,0],"9":[0,0],"10":[0,0],"11":[0,0],"12":[0,0],"13":[0,0],"14":[0,0],"15":[0,0]}}
,"/Users/ncatalan/Documents/Proyect/app-vendor/hooks/useImagePicker.ts": {"path":"/Users/ncatalan/Documents/Proyect/app-vendor/hooks/useImagePicker.ts","statementMap":{"0":{"start":{"line":12,"column":22},"end":{"line":12,"column":26}},"1":{"start":{"line":13,"column":18},"end":{"line":13,"column":33}},"2":{"start":{"line":14,"column":22},"end":{"line":14,"column":24}},"3":{"start":{"line":15,"column":26},"end":{"line":15,"column":55}},"4":{"start":{"line":18,"column":2},"end":{"line":24,"column":3}},"5":{"start":{"line":19,"column":21},"end":{"line":19,"column":37}},"6":{"start":{"line":20,"column":17},"end":{"line":20,"column":38}},"7":{"start":{"line":21,"column":4},"end":{"line":21,"column":21}},"8":{"start":{"line":23,"column":4},"end":{"line":23,"column":21}},"9":{"start":{"line":28,"column":2},"end":{"line":30,"column":3}},"10":{"start":{"line":29,"column":4},"end":{"line":29,"column":50}},"11":{"start":{"line":32,"column":22},"end":{"line":32,"column":45}},"12":{"start":{"line":33,"column":2},"end":{"line":35,"column":3}},"13":{"start":{"line":34,"column":4},"end":{"line":34,"column":14}},"14":{"start":{"line":37,"column":2},"end":{"line":39,"column":46}},"15":{"start":{"line":48,"column":24},"end":{"line":48,"column":55}},"16":{"start":{"line":49,"column":22},"end":{"line":49,"column":62}},"17":{"start":{"line":51,"column":2},"end":{"line":58,"column":3}},"18":{"start":{"line":52,"column":4},"end":{"line":57,"column":6}},"19":{"start":{"line":60,"column":39},"end":{"line":60,"column":43}},"20":{"start":{"line":62,"column":2},"end":{"line":79,"column":3}},"21":{"start":{"line":63,"column":19},"end":{"line":66,"column":6}},"22":{"start":{"line":68,"column":17},"end":{"line":68,"column":46}},"23":{"start":{"line":69,"column":4},"end":{"line":74,"column":6}},"24":{"start":{"line":76,"column":4},"end":{"line":78,"column":5}},"25":{"start":{"line":77,"column":6},"end":{"line":77,"column":24}},"26":{"start":{"line":81,"column":2},"end":{"line":86,"column":4}},"27":{"start":{"line":90,"column":2},"end":{"line":98,"column":5}},"28":{"start":{"line":95,"column":8},"end":{"line":95,"column":36}},"29":{"start":{"line":102,"column":18},"end":{"line":102,"column":63}},"30":{"start":{"line":103,"column":2},"end":{"line":105,"column":3}},"31":{"start":{"line":104,"column":4},"end":{"line":104,"column":16}},"32":{"start":{"line":107,"column":21},"end":{"line":107,"column":70}},"33":{"start":{"line":108,"column":2},"end":{"line":112,"column":3}},"34":{"start":{"line":109,"column":4},"end":{"line":111,"column":6}},"35":{"start":{"line":114,"column":2},"end":{"line":114,"column":30}},"36":{"start":{"line":118,"column":18},"end":{"line":118,"column":69}},"37":{"start":{"line":119,"column":2},"end":{"line":121,"column":3}},"38":{"start":{"line":120,"column":4},"end":{"line":120,"column":16}},"39":{"start":{"line":123,"column":21},"end":{"line":123,"column":76}},"40":{"start":{"line":124,"column":2},"end":{"line":128,"column":3}},"41":{"start":{"line":125,"column":4},"end":{"line":127,"column":6}},"42":{"start":{"line":130,"column":2},"end":{"line":130,"column":30}},"43":{"start":{"line":134,"column":26},"end":{"line":158,"column":3}},"44":{"start":{"line":135,"column":20},"end":{"line":135,"column":52}},"45":{"start":{"line":136,"column":4},"end":{"line":140,"column":5}},"46":{"start":{"line":137,"column":6},"end":{"line":139,"column":8}},"47":{"start":{"line":142,"column":19},"end":{"line":147,"column":6}},"48":{"start":{"line":149,"column":4},"end":{"line":151,"column":5}},"49":{"start":{"line":150,"column":6},"end":{"line":150,"column":16}},"50":{"start":{"line":153,"column":4},"end":{"line":157,"column":6}},"51":{"start":{"line":155,"column":8},"end":{"line":155,"column":75}},"52":{"start":{"line":160,"column":25},"end":{"line":179,"column":3}},"53":{"start":{"line":161,"column":20},"end":{"line":161,"column":51}},"54":{"start":{"line":162,"column":4},"end":{"line":166,"column":5}},"55":{"start":{"line":163,"column":6},"end":{"line":165,"column":8}},"56":{"start":{"line":168,"column":19},"end":{"line":171,"column":6}},"57":{"start":{"line":173,"column":4},"end":{"line":175,"column":5}},"58":{"start":{"line":174,"column":6},"end":{"line":174,"column":18}},"59":{"start":{"line":177,"column":18},"end":{"line":177,"column":34}},"60":{"start":{"line":178,"column":4},"end":{"line":178,"column":85}},"61":{"start":{"line":181,"column":2},"end":{"line":181,"column":45}}},"fnMap":{"0":{"name":"getFileSize","decl":{"start":{"line":17,"column":15},"end":{"line":17,"column":26}},"loc":{"start":{"line":17,"column":69},"end":{"line":25,"column":1}},"line":17},"1":{"name":"getResizeActions","decl":{"start":{"line":27,"column":9},"end":{"line":27,"column":25}},"loc":{"start":{"line":27,"column":59},"end":{"line":40,"column":1}},"line":27},"2":{"name":"compressImage","decl":{"start":{"line":42,"column":15},"end":{"line":42,"column":28}},"loc":{"start":{"line":47,"column":24},"end":{"line":87,"column":1}},"line":47},"3":{"name":"showPermissionAlert","decl":{"start":{"line":89,"column":9},"end":{"line":89,"column":28}},"loc":{"start":{"line":89,"column":46},"end":{"line":99,"column":1}},"line":89},"4":{"name":"(anonymous_4)","decl":{"start":{"line":94,"column":15},"end":{"line":94,"column":16}},"loc":{"start":{"line":94,"column":21},"end":{"line":96,"column":7}},"line":94},"5":{"name":"requestCameraPermission","decl":{"start":{"line":101,"column":15},"end":{"line":101,"column":38}},"loc":{"start":{"line":101,"column":59},"end":{"line":115,"column":1}},"line":101},"6":{"name":"requestGalleryPermission","decl":{"start":{"line":117,"column":15},"end":{"line":117,"column":39}},"loc":{"start":{"line":117,"column":60},"end":{"line":131,"column":1}},"line":117},"7":{"name":"useImagePicker","decl":{"start":{"line":133,"column":16},"end":{"line":133,"column":30}},"loc":{"start":{"line":133,"column":33},"end":{"line":182,"column":1}},"line":133},"8":{"name":"(anonymous_8)","decl":{"start":{"line":134,"column":26},"end":{"line":134,"column":27}},"loc":{"start":{"line":134,"column":62},"end":{"line":158,"column":3}},"line":134},"9":{"name":"(anonymous_9)","decl":{"start":{"line":154,"column":48},"end":{"line":154,"column":49}},"loc":{"start":{"line":155,"column":8},"end":{"line":155,"column":75}},"line":155},"10":{"name":"(anonymous_10)","decl":{"start":{"line":160,"column":25},"end":{"line":160,"column":26}},"loc":{"start":{"line":160,"column":66},"end":{"line":179,"column":3}},"line":160}},"branchMap":{"0":{"loc":{"start":{"line":28,"column":2},"end":{"line":30,"column":3}},"type":"if","locations":[{"start":{"line":28,"column":2},"end":{"line":30,"column":3}},{"start":{},"end":{}}],"line":28},"1":{"loc":{"start":{"line":28,"column":6},"end":{"line":28,"column":23}},"type":"binary-expr","locations":[{"start":{"line":28,"column":6},"end":{"line":28,"column":12}},{"start":{"line":28,"column":16},"end":{"line":28,"column":23}}],"line":28},"2":{"loc":{"start":{"line":33,"column":2},"end":{"line":35,"column":3}},"type":"if","locations":[{"start":{"line":33,"column":2},"end":{"line":35,"column":3}},{"start":{},"end":{}}],"line":33},"3":{"loc":{"start":{"line":37,"column":9},"end":{"line":39,"column":45}},"type":"cond-expr","locations":[{"start":{"line":38,"column":6},"end":{"line":38,"column":44}},{"start":{"line":39,"column":6},"end":{"line":39,"column":45}}],"line":37},"4":{"loc":{"start":{"line":49,"column":22},"end":{"line":49,"column":62}},"type":"binary-expr","locations":[{"start":{"line":49,"column":22},"end":{"line":49,"column":34}},{"start":{"line":49,"column":39},"end":{"line":49,"column":61}}],"line":49},"5":{"loc":{"start":{"line":51,"column":2},"end":{"line":58,"column":3}},"type":"if","locations":[{"start":{"line":51,"column":2},"end":{"line":58,"column":3}},{"start":{},"end":{}}],"line":51},"6":{"loc":{"start":{"line":51,"column":6},"end":{"line":51,"column":75}},"type":"binary-expr","locations":[{"start":{"line":51,"column":6},"end":{"line":51,"column":17}},{"start":{"line":51,"column":21},"end":{"line":51,"column":45}},{"start":{"line":51,"column":49},"end":{"line":51,"column":75}}],"line":51},"7":{"loc":{"start":{"line":54,"column":13},"end":{"line":54,"column":23}},"type":"binary-expr","locations":[{"start":{"line":54,"column":13},"end":{"line":54,"column":18}},{"start":{"line":54,"column":22},"end":{"line":54,"column":23}}],"line":54},"8":{"loc":{"start":{"line":55,"column":14},"end":{"line":55,"column":25}},"type":"binary-expr","locations":[{"start":{"line":55,"column":14},"end":{"line":55,"column":20}},{"start":{"line":55,"column":24},"end":{"line":55,"column":25}}],"line":55},"9":{"loc":{"start":{"line":76,"column":4},"end":{"line":78,"column":5}},"type":"if","locations":[{"start":{"line":76,"column":4},"end":{"line":78,"column":5}},{"start":{},"end":{}}],"line":76},"10":{"loc":{"start":{"line":76,"column":8},"end":{"line":76,"column":34}},"type":"binary-expr","locations":[{"start":{"line":76,"column":8},"end":{"line":76,"column":13}},{"start":{"line":76,"column":17},"end":{"line":76,"column":34}}],"line":76},"11":{"loc":{"start":{"line":81,"column":9},"end":{"line":86,"column":3}},"type":"binary-expr","locations":[{"start":{"line":81,"column":9},"end":{"line":81,"column":19}},{"start":{"line":81,"column":23},"end":{"line":86,"column":3}}],"line":81},"12":{"loc":{"start":{"line":83,"column":11},"end":{"line":83,"column":21}},"type":"binary-expr","locations":[{"start":{"line":83,"column":11},"end":{"line":83,"column":16}},{"start":{"line":83,"column":20},"end":{"line":83,"column":21}}],"line":83},"13":{"loc":{"start":{"line":84,"column":12},"end":{"line":84,"column":23}},"type":"binary-expr","locations":[{"start":{"line":84,"column":12},"end":{"line":84,"column":18}},{"start":{"line":84,"column":22},"end":{"line":84,"column":23}}],"line":84},"14":{"loc":{"start":{"line":103,"column":2},"end":{"line":105,"column":3}},"type":"if","locations":[{"start":{"line":103,"column":2},"end":{"line":105,"column":3}},{"start":{},"end":{}}],"line":103},"15":{"loc":{"start":{"line":108,"column":2},"end":{"line":112,"column":3}},"type":"if","locations":[{"start":{"line":108,"column":2},"end":{"line":112,"column":3}},{"start":{},"end":{}}],"line":108},"16":{"loc":{"start":{"line":119,"column":2},"end":{"line":121,"column":3}},"type":"if","locations":[{"start":{"line":119,"column":2},"end":{"line":121,"column":3}},{"start":{},"end":{}}],"line":119},"17":{"loc":{"start":{"line":124,"column":2},"end":{"line":128,"column":3}},"type":"if","locations":[{"start":{"line":124,"column":2},"end":{"line":128,"column":3}},{"start":{},"end":{}}],"line":124},"18":{"loc":{"start":{"line":136,"column":4},"end":{"line":140,"column":5}},"type":"if","locations":[{"start":{"line":136,"column":4},"end":{"line":140,"column":5}},{"start":{},"end":{}}],"line":136},"19":{"loc":{"start":{"line":149,"column":4},"end":{"line":151,"column":5}},"type":"if","locations":[{"start":{"line":149,"column":4},"end":{"line":151,"column":5}},{"start":{},"end":{}}],"line":149},"20":{"loc":{"start":{"line":162,"column":4},"end":{"line":166,"column":5}},"type":"if","locations":[{"start":{"line":162,"column":4},"end":{"line":166,"column":5}},{"start":{},"end":{}}],"line":162},"21":{"loc":{"start":{"line":173,"column":4},"end":{"line":175,"column":5}},"type":"if","locations":[{"start":{"line":173,"column":4},"end":{"line":175,"column":5}},{"start":{},"end":{}}],"line":173}},"s":{"0":0,"1":0,"2":0,"3":0,"4":0,"5":0,"6":0,"7":0,"8":0,"9":0,"10":0,"11":0,"12":0,"13":0,"14":0,"15":0,"16":0,"17":0,"18":0,"19":0,"20":0,"21":0,"22":0,"23":0,"24":0,"25":0,"26":0,"27":0,"28":0,"29":0,"30":0,"31":0,"32":0,"33":0,"34":0,"35":0,"36":0,"37":0,"38":0,"39":0,"40":0,"41":0,"42":0,"43":0,"44":0,"45":0,"46":0,"47":0,"48":0,"49":0,"50":0,"51":0,"52":0,"53":0,"54":0,"55":0,"56":0,"57":0,"58":0,"59":0,"60":0,"61":0},"f":{"0":0,"1":0,"2":0,"3":0,"4":0,"5":0,"6":0,"7":0,"8":0,"9":0,"10":0},"b":{"0":[0,0],"1":[0,0],"2":[0,0],"3":[0,0],"4":[0,0],"5":[0,0],"6":[0,0,0],"7":[0,0],"8":[0,0],"9":[0,0],"10":[0,0],"11":[0,0],"12":[0,0],"13":[0,0],"14":[0,0],"15":[0,0],"16":[0,0],"17":[0,0],"18":[0,0],"19":[0,0],"20":[0,0],"21":[0,0]}}
,"/Users/ncatalan/Documents/Proyect/app-vendor/services/geocoding.ts": {"path":"/Users/ncatalan/Documents/Proyect/app-vendor/services/geocoding.ts","statementMap":{"0":{"start":{"line":3,"column":28},"end":{"line":3,"column":82}},"1":{"start":{"line":4,"column":25},"end":{"line":4,"column":63}},"2":{"start":{"line":24,"column":2},"end":{"line":24,"column":40}},"3":{"start":{"line":24,"column":28},"end":{"line":24,"column":40}},"4":{"start":{"line":26,"column":16},"end":{"line":26,"column":55}},"5":{"start":{"line":27,"column":14},"end":{"line":27,"column":114}},"6":{"start":{"line":29,"column":14},"end":{"line":29,"column":30}},"7":{"start":{"line":30,"column":2},"end":{"line":30,"column":27}},"8":{"start":{"line":30,"column":15},"end":{"line":30,"column":27}},"9":{"start":{"line":32,"column":15},"end":{"line":32,"column":31}},"10":{"start":{"line":33,"column":2},"end":{"line":33,"column":65}},"11":{"start":{"line":33,"column":53},"end":{"line":33,"column":65}},"12":{"start":{"line":35,"column":17},"end":{"line":35,"column":32}},"13":{"start":{"line":36,"column":2},"end":{"line":40,"column":4}},"14":{"start":{"line":44,"column":2},"end":{"line":44,"column":40}},"15":{"start":{"line":44,"column":28},"end":{"line":44,"column":40}},"16":{"start":{"line":46,"column":14},"end":{"line":46,"column":108}},"17":{"start":{"line":48,"column":14},"end":{"line":48,"column":30}},"18":{"start":{"line":49,"column":2},"end":{"line":49,"column":27}},"19":{"start":{"line":49,"column":15},"end":{"line":49,"column":27}},"20":{"start":{"line":51,"column":15},"end":{"line":51,"column":31}},"21":{"start":{"line":52,"column":2},"end":{"line":52,"column":65}},"22":{"start":{"line":52,"column":53},"end":{"line":52,"column":65}},"23":{"start":{"line":54,"column":2},"end":{"line":54,"column":53}},"24":{"start":{"line":58,"column":2},"end":{"line":60,"column":3}},"25":{"start":{"line":59,"column":4},"end":{"line":59,"column":14}},"26":{"start":{"line":62,"column":18},"end":{"line":62,"column":50}},"27":{"start":{"line":63,"column":14},"end":{"line":63,"column":137}},"28":{"start":{"line":64,"column":14},"end":{"line":64,"column":30}},"29":{"start":{"line":65,"column":2},"end":{"line":67,"column":3}},"30":{"start":{"line":66,"column":4},"end":{"line":66,"column":14}},"31":{"start":{"line":69,"column":15},"end":{"line":69,"column":31}},"32":{"start":{"line":70,"column":2},"end":{"line":72,"column":3}},"33":{"start":{"line":71,"column":4},"end":{"line":71,"column":14}},"34":{"start":{"line":74,"column":2},"end":{"line":79,"column":6}},"35":{"start":{"line":74,"column":60},"end":{"line":79,"column":3}},"36":{"start":{"line":83,"column":2},"end":{"line":85,"column":3}},"37":{"start":{"line":84,"column":4},"end":{"line":84,"column":16}},"38":{"start":{"line":87,"column":14},"end":{"line":87,"column":176}},"39":{"start":{"line":88,"column":14},"end":{"line":88,"column":30}},"40":{"start":{"line":89,"column":2},"end":{"line":91,"column":3}},"41":{"start":{"line":90,"column":4},"end":{"line":90,"column":16}},"42":{"start":{"line":93,"column":15},"end":{"line":93,"column":31}},"43":{"start":{"line":94,"column":2},"end":{"line":96,"column":3}},"44":{"start":{"line":95,"column":4},"end":{"line":95,"column":16}},"45":{"start":{"line":98,"column":2},"end":{"line":103,"column":4}}},"fnMap":{"0":{"name":"geocodeAddress","decl":{"start":{"line":23,"column":22},"end":{"line":23,"column":36}},"loc":{"start":{"line":23,"column":87},"end":{"line":41,"column":1}},"line":23},"1":{"name":"reverseGeocode","decl":{"start":{"line":43,"column":22},"end":{"line":43,"column":36}},"loc":{"start":{"line":43,"column":87},"end":{"line":55,"column":1}},"line":43},"2":{"name":"searchPlaceSuggestions","decl":{"start":{"line":57,"column":22},"end":{"line":57,"column":44}},"loc":{"start":{"line":57,"column":88},"end":{"line":80,"column":1}},"line":57},"3":{"name":"(anonymous_3)","decl":{"start":{"line":74,"column":38},"end":{"line":74,"column":39}},"loc":{"start":{"line":74,"column":60},"end":{"line":79,"column":3}},"line":74},"4":{"name":"getPlaceDetails","decl":{"start":{"line":82,"column":22},"end":{"line":82,"column":37}},"loc":{"start":{"line":82,"column":91},"end":{"line":104,"column":1}},"line":82}},"branchMap":{"0":{"loc":{"start":{"line":3,"column":28},"end":{"line":3,"column":82}},"type":"binary-expr","locations":[{"start":{"line":3,"column":28},"end":{"line":3,"column":76}},{"start":{"line":3,"column":80},"end":{"line":3,"column":82}}],"line":3},"1":{"loc":{"start":{"line":24,"column":2},"end":{"line":24,"column":40}},"type":"if","locations":[{"start":{"line":24,"column":2},"end":{"line":24,"column":40}},{"start":{},"end":{}}],"line":24},"2":{"loc":{"start":{"line":30,"column":2},"end":{"line":30,"column":27}},"type":"if","locations":[{"start":{"line":30,"column":2},"end":{"line":30,"column":27}},{"start":{},"end":{}}],"line":30},"3":{"loc":{"start":{"line":33,"column":2},"end":{"line":33,"column":65}},"type":"if","locations":[{"start":{"line":33,"column":2},"end":{"line":33,"column":65}},{"start":{},"end":{}}],"line":33},"4":{"loc":{"start":{"line":33,"column":6},"end":{"line":33,"column":51}},"type":"binary-expr","locations":[{"start":{"line":33,"column":6},"end":{"line":33,"column":26}},{"start":{"line":33,"column":30},"end":{"line":33,"column":51}}],"line":33},"5":{"loc":{"start":{"line":44,"column":2},"end":{"line":44,"column":40}},"type":"if","locations":[{"start":{"line":44,"column":2},"end":{"line":44,"column":40}},{"start":{},"end":{}}],"line":44},"6":{"loc":{"start":{"line":49,"column":2},"end":{"line":49,"column":27}},"type":"if","locations":[{"start":{"line":49,"column":2},"end":{"line":49,"column":27}},{"start":{},"end":{}}],"line":49},"7":{"loc":{"start":{"line":52,"column":2},"end":{"line":52,"column":65}},"type":"if","locations":[{"start":{"line":52,"column":2},"end":{"line":52,"column":65}},{"start":{},"end":{}}],"line":52},"8":{"loc":{"start":{"line":52,"column":6},"end":{"line":52,"column":51}},"type":"binary-expr","locations":[{"start":{"line":52,"column":6},"end":{"line":52,"column":26}},{"start":{"line":52,"column":30},"end":{"line":52,"column":51}}],"line":52},"9":{"loc":{"start":{"line":58,"column":2},"end":{"line":60,"column":3}},"type":"if","locations":[{"start":{"line":58,"column":2},"end":{"line":60,"column":3}},{"start":{},"end":{}}],"line":58},"10":{"loc":{"start":{"line":58,"column":6},"end":{"line":58,"column":53}},"type":"binary-expr","locations":[{"start":{"line":58,"column":6},"end":{"line":58,"column":26}},{"start":{"line":58,"column":30},"end":{"line":58,"column":53}}],"line":58},"11":{"loc":{"start":{"line":65,"column":2},"end":{"line":67,"column":3}},"type":"if","locations":[{"start":{"line":65,"column":2},"end":{"line":67,"column":3}},{"start":{},"end":{}}],"line":65},"12":{"loc":{"start":{"line":70,"column":2},"end":{"line":72,"column":3}},"type":"if","locations":[{"start":{"line":70,"column":2},"end":{"line":72,"column":3}},{"start":{},"end":{}}],"line":70},"13":{"loc":{"start":{"line":70,"column":6},"end":{"line":70,"column":60}},"type":"binary-expr","locations":[{"start":{"line":70,"column":6},"end":{"line":70,"column":26}},{"start":{"line":70,"column":30},"end":{"line":70,"column":60}}],"line":70},"14":{"loc":{"start":{"line":74,"column":10},"end":{"line":74,"column":32}},"type":"binary-expr","locations":[{"start":{"line":74,"column":10},"end":{"line":74,"column":26}},{"start":{"line":74,"column":30},"end":{"line":74,"column":32}}],"line":74},"15":{"loc":{"start":{"line":77,"column":14},"end":{"line":77,"column":83}},"type":"binary-expr","locations":[{"start":{"line":77,"column":14},"end":{"line":77,"column":57}},{"start":{"line":77,"column":61},"end":{"line":77,"column":83}}],"line":77},"16":{"loc":{"start":{"line":83,"column":2},"end":{"line":85,"column":3}},"type":"if","locations":[{"start":{"line":83,"column":2},"end":{"line":85,"column":3}},{"start":{},"end":{}}],"line":83},"17":{"loc":{"start":{"line":83,"column":6},"end":{"line":83,"column":38}},"type":"binary-expr","locations":[{"start":{"line":83,"column":6},"end":{"line":83,"column":26}},{"start":{"line":83,"column":30},"end":{"line":83,"column":38}}],"line":83},"18":{"loc":{"start":{"line":89,"column":2},"end":{"line":91,"column":3}},"type":"if","locations":[{"start":{"line":89,"column":2},"end":{"line":91,"column":3}},{"start":{},"end":{}}],"line":89},"19":{"loc":{"start":{"line":94,"column":2},"end":{"line":96,"column":3}},"type":"if","locations":[{"start":{"line":94,"column":2},"end":{"line":96,"column":3}},{"start":{},"end":{}}],"line":94},"20":{"loc":{"start":{"line":94,"column":6},"end":{"line":94,"column":42}},"type":"binary-expr","locations":[{"start":{"line":94,"column":6},"end":{"line":94,"column":26}},{"start":{"line":94,"column":30},"end":{"line":94,"column":42}}],"line":94}},"s":{"0":0,"1":0,"2":0,"3":0,"4":0,"5":0,"6":0,"7":0,"8":0,"9":0,"10":0,"11":0,"12":0,"13":0,"14":0,"15":0,"16":0,"17":0,"18":0,"19":0,"20":0,"21":0,"22":0,"23":0,"24":0,"25":0,"26":0,"27":0,"28":0,"29":0,"30":0,"31":0,"32":0,"33":0,"34":0,"35":0,"36":0,"37":0,"38":0,"39":0,"40":0,"41":0,"42":0,"43":0,"44":0,"45":0},"f":{"0":0,"1":0,"2":0,"3":0,"4":0},"b":{"0":[0,0],"1":[0,0],"2":[0,0],"3":[0,0],"4":[0,0],"5":[0,0],"6":[0,0],"7":[0,0],"8":[0,0],"9":[0,0],"10":[0,0],"11":[0,0],"12":[0,0],"13":[0,0],"14":[0,0],"15":[0,0],"16":[0,0],"17":[0,0],"18":[0,0],"19":[0,0],"20":[0,0]}}
,"/Users/ncatalan/Documents/Proyect/app-vendor/services/portalInmobiliario.ts": {"path":"/Users/ncatalan/Documents/Proyect/app-vendor/services/portalInmobiliario.ts","statementMap":{"0":{"start":{"line":3,"column":20},"end":{"line":3,"column":50}},"1":{"start":{"line":6,"column":20},"end":{"line":6,"column":29}},"2":{"start":{"line":9,"column":38},"end":{"line":18,"column":3}},"3":{"start":{"line":19,"column":2},"end":{"line":19,"column":41}},"4":{"start":{"line":33,"column":123},"end":{"line":36,"column":3}},"5":{"start":{"line":38,"column":2},"end":{"line":40,"column":3}},"6":{"start":{"line":39,"column":4},"end":{"line":39,"column":102}},"7":{"start":{"line":41,"column":2},"end":{"line":43,"column":3}},"8":{"start":{"line":42,"column":4},"end":{"line":42,"column":103}},"9":{"start":{"line":44,"column":2},"end":{"line":44,"column":95}},"10":{"start":{"line":44,"column":29},"end":{"line":44,"column":95}},"11":{"start":{"line":45,"column":2},"end":{"line":45,"column":89}},"12":{"start":{"line":45,"column":23},"end":{"line":45,"column":89}},"13":{"start":{"line":46,"column":2},"end":{"line":46,"column":109}},"14":{"start":{"line":46,"column":34},"end":{"line":46,"column":109}},"15":{"start":{"line":47,"column":2},"end":{"line":47,"column":74}},"16":{"start":{"line":47,"column":17},"end":{"line":47,"column":74}},"17":{"start":{"line":48,"column":2},"end":{"line":48,"column":92}},"18":{"start":{"line":48,"column":23},"end":{"line":48,"column":92}},"19":{"start":{"line":49,"column":2},"end":{"line":49,"column":78}},"20":{"start":{"line":49,"column":19},"end":{"line":49,"column":78}},"21":{"start":{"line":50,"column":2},"end":{"line":50,"column":93}},"22":{"start":{"line":50,"column":24},"end":{"line":50,"column":93}},"23":{"start":{"line":51,"column":2},"end":{"line":51,"column":76}},"24":{"start":{"line":51,"column":21},"end":{"line":51,"column":76}},"25":{"start":{"line":52,"column":2},"end":{"line":52,"column":79}},"26":{"start":{"line":52,"column":21},"end":{"line":52,"column":79}},"27":{"start":{"line":54,"column":15},"end":{"line":76,"column":3}},"28":{"start":{"line":64,"column":39},"end":{"line":64,"column":45}},"29":{"start":{"line":64,"column":59},"end":{"line":64,"column":73}},"30":{"start":{"line":78,"column":2},"end":{"line":103,"column":3}},"31":{"start":{"line":79,"column":16},"end":{"line":87,"column":6}},"32":{"start":{"line":89,"column":4},"end":{"line":91,"column":5}},"33":{"start":{"line":90,"column":6},"end":{"line":90,"column":94}},"34":{"start":{"line":93,"column":17},"end":{"line":93,"column":33}},"35":{"start":{"line":95,"column":4},"end":{"line":98,"column":5}},"36":{"start":{"line":96,"column":18},"end":{"line":96,"column":90}},"37":{"start":{"line":97,"column":6},"end":{"line":97,"column":44}},"38":{"start":{"line":100,"column":4},"end":{"line":100,"column":73}},"39":{"start":{"line":102,"column":4},"end":{"line":102,"column":72}},"40":{"start":{"line":111,"column":2},"end":{"line":159,"column":5}},"41":{"start":{"line":112,"column":21},"end":{"line":112,"column":35}},"42":{"start":{"line":113,"column":4},"end":{"line":117,"column":14}},"43":{"start":{"line":119,"column":16},"end":{"line":119,"column":36}},"44":{"start":{"line":120,"column":4},"end":{"line":120,"column":61}},"45":{"start":{"line":121,"column":4},"end":{"line":121,"column":67}},"46":{"start":{"line":122,"column":4},"end":{"line":122,"column":55}},"47":{"start":{"line":124,"column":4},"end":{"line":131,"column":6}},"48":{"start":{"line":125,"column":6},"end":{"line":127,"column":7}},"49":{"start":{"line":126,"column":8},"end":{"line":126,"column":15}},"50":{"start":{"line":129,"column":23},"end":{"line":129,"column":69}},"51":{"start":{"line":130,"column":6},"end":{"line":130,"column":27}},"52":{"start":{"line":133,"column":4},"end":{"line":133,"column":72}},"53":{"start":{"line":133,"column":24},"end":{"line":133,"column":71}},"54":{"start":{"line":135,"column":4},"end":{"line":156,"column":6}},"55":{"start":{"line":136,"column":22},"end":{"line":136,"column":26}},"56":{"start":{"line":138,"column":6},"end":{"line":142,"column":7}},"57":{"start":{"line":139,"column":8},"end":{"line":139,"column":70}},"58":{"start":{"line":141,"column":8},"end":{"line":141,"column":20}},"59":{"start":{"line":144,"column":6},"end":{"line":147,"column":7}},"60":{"start":{"line":145,"column":8},"end":{"line":145,"column":43}},"61":{"start":{"line":146,"column":8},"end":{"line":146,"column":15}},"62":{"start":{"line":149,"column":6},"end":{"line":152,"column":7}},"63":{"start":{"line":150,"column":8},"end":{"line":150,"column":81}},"64":{"start":{"line":151,"column":8},"end":{"line":151,"column":15}},"65":{"start":{"line":154,"column":6},"end":{"line":154,"column":24}},"66":{"start":{"line":155,"column":6},"end":{"line":155,"column":33}},"67":{"start":{"line":158,"column":4},"end":{"line":158,"column":23}},"68":{"start":{"line":166,"column":14},"end":{"line":171,"column":3}},"69":{"start":{"line":172,"column":2},"end":{"line":172,"column":25}},"70":{"start":{"line":172,"column":15},"end":{"line":172,"column":25}},"71":{"start":{"line":173,"column":15},"end":{"line":173,"column":31}},"72":{"start":{"line":174,"column":24},"end":{"line":174,"column":42}},"73":{"start":{"line":175,"column":2},"end":{"line":175,"column":34}},"74":{"start":{"line":175,"column":24},"end":{"line":175,"column":34}},"75":{"start":{"line":177,"column":19},"end":{"line":179,"column":4}},"76":{"start":{"line":180,"column":2},"end":{"line":180,"column":30}},"77":{"start":{"line":180,"column":20},"end":{"line":180,"column":30}},"78":{"start":{"line":181,"column":20},"end":{"line":181,"column":41}},"79":{"start":{"line":182,"column":2},"end":{"line":182,"column":43}},"80":{"start":{"line":182,"column":35},"end":{"line":182,"column":41}},"81":{"start":{"line":186,"column":14},"end":{"line":190,"column":4}},"82":{"start":{"line":191,"column":2},"end":{"line":191,"column":16}},"83":{"start":{"line":195,"column":14},"end":{"line":199,"column":4}},"84":{"start":{"line":200,"column":2},"end":{"line":200,"column":16}},"85":{"start":{"line":204,"column":14},"end":{"line":208,"column":4}},"86":{"start":{"line":209,"column":2},"end":{"line":209,"column":16}}},"fnMap":{"0":{"name":"mapPropertyType","decl":{"start":{"line":8,"column":9},"end":{"line":8,"column":24}},"loc":{"start":{"line":8,"column":72},"end":{"line":20,"column":1}},"line":8},"1":{"name":"publishProperty","decl":{"start":{"line":29,"column":22},"end":{"line":29,"column":37}},"loc":{"start":{"line":32,"column":26},"end":{"line":104,"column":1}},"line":32},"2":{"name":"(anonymous_2)","decl":{"start":{"line":64,"column":32},"end":{"line":64,"column":33}},"loc":{"start":{"line":64,"column":39},"end":{"line":64,"column":45}},"line":64},"3":{"name":"(anonymous_3)","decl":{"start":{"line":64,"column":51},"end":{"line":64,"column":52}},"loc":{"start":{"line":64,"column":59},"end":{"line":64,"column":73}},"line":64},"4":{"name":"uploadPhoto","decl":{"start":{"line":106,"column":22},"end":{"line":106,"column":33}},"loc":{"start":{"line":110,"column":19},"end":{"line":160,"column":1}},"line":110},"5":{"name":"(anonymous_5)","decl":{"start":{"line":111,"column":27},"end":{"line":111,"column":28}},"loc":{"start":{"line":111,"column":48},"end":{"line":159,"column":3}},"line":111},"6":{"name":"(anonymous_6)","decl":{"start":{"line":124,"column":28},"end":{"line":124,"column":29}},"loc":{"start":{"line":124,"column":39},"end":{"line":131,"column":5}},"line":124},"7":{"name":"(anonymous_7)","decl":{"start":{"line":133,"column":18},"end":{"line":133,"column":19}},"loc":{"start":{"line":133,"column":24},"end":{"line":133,"column":71}},"line":133},"8":{"name":"(anonymous_8)","decl":{"start":{"line":135,"column":17},"end":{"line":135,"column":18}},"loc":{"start":{"line":135,"column":23},"end":{"line":156,"column":5}},"line":135},"9":{"name":"getUserItems","decl":{"start":{"line":162,"column":22},"end":{"line":162,"column":34}},"loc":{"start":{"line":165,"column":18},"end":{"line":183,"column":1}},"line":165},"10":{"name":"(anonymous_10)","decl":{"start":{"line":182,"column":23},"end":{"line":182,"column":24}},"loc":{"start":{"line":182,"column":35},"end":{"line":182,"column":41}},"line":182},"11":{"name":"pauseItem","decl":{"start":{"line":185,"column":22},"end":{"line":185,"column":31}},"loc":{"start":{"line":185,"column":87},"end":{"line":192,"column":1}},"line":185},"12":{"name":"activateItem","decl":{"start":{"line":194,"column":22},"end":{"line":194,"column":34}},"loc":{"start":{"line":194,"column":90},"end":{"line":201,"column":1}},"line":194},"13":{"name":"deleteItem","decl":{"start":{"line":203,"column":22},"end":{"line":203,"column":32}},"loc":{"start":{"line":203,"column":88},"end":{"line":210,"column":1}},"line":203}},"branchMap":{"0":{"loc":{"start":{"line":19,"column":9},"end":{"line":19,"column":40}},"type":"cond-expr","locations":[{"start":{"line":19,"column":17},"end":{"line":19,"column":34}},{"start":{"line":19,"column":38},"end":{"line":19,"column":40}}],"line":19},"1":{"loc":{"start":{"line":19,"column":17},"end":{"line":19,"column":34}},"type":"binary-expr","locations":[{"start":{"line":19,"column":17},"end":{"line":19,"column":26}},{"start":{"line":19,"column":30},"end":{"line":19,"column":34}}],"line":19},"2":{"loc":{"start":{"line":34,"column":35},"end":{"line":34,"column":88}},"type":"cond-expr","locations":[{"start":{"line":34,"column":68},"end":{"line":34,"column":75}},{"start":{"line":34,"column":78},"end":{"line":34,"column":88}}],"line":34},"3":{"loc":{"start":{"line":38,"column":2},"end":{"line":40,"column":3}},"type":"if","locations":[{"start":{"line":38,"column":2},"end":{"line":40,"column":3}},{"start":{},"end":{}}],"line":38},"4":{"loc":{"start":{"line":41,"column":2},"end":{"line":43,"column":3}},"type":"if","locations":[{"start":{"line":41,"column":2},"end":{"line":43,"column":3}},{"start":{},"end":{}}],"line":41},"5":{"loc":{"start":{"line":44,"column":2},"end":{"line":44,"column":95}},"type":"if","locations":[{"start":{"line":44,"column":2},"end":{"line":44,"column":95}},{"start":{},"end":{}}],"line":44},"6":{"loc":{"start":{"line":45,"column":2},"end":{"line":45,"column":89}},"type":"if","locations":[{"start":{"line":45,"column":2},"end":{"line":45,"column":89}},{"start":{},"end":{}}],"line":45},"7":{"loc":{"start":{"line":46,"column":2},"end":{"line":46,"column":109}},"type":"if","locations":[{"start":{"line":46,"column":2},"end":{"line":46,"column":109}},{"start":{},"end":{}}],"line":46},"8":{"loc":{"start":{"line":47,"column":2},"end":{"line":47,"column":74}},"type":"if","locations":[{"start":{"line":47,"column":2},"end":{"line":47,"column":74}},{"start":{},"end":{}}],"line":47},"9":{"loc":{"start":{"line":48,"column":2},"end":{"line":48,"column":92}},"type":"if","locations":[{"start":{"line":48,"column":2},"end":{"line":48,"column":92}},{"start":{},"end":{}}],"line":48},"10":{"loc":{"start":{"line":49,"column":2},"end":{"line":49,"column":78}},"type":"if","locations":[{"start":{"line":49,"column":2},"end":{"line":49,"column":78}},{"start":{},"end":{}}],"line":49},"11":{"loc":{"start":{"line":50,"column":2},"end":{"line":50,"column":93}},"type":"if","locations":[{"start":{"line":50,"column":2},"end":{"line":50,"column":93}},{"start":{},"end":{}}],"line":50},"12":{"loc":{"start":{"line":51,"column":2},"end":{"line":51,"column":76}},"type":"if","locations":[{"start":{"line":51,"column":2},"end":{"line":51,"column":76}},{"start":{},"end":{}}],"line":51},"13":{"loc":{"start":{"line":52,"column":2},"end":{"line":52,"column":79}},"type":"if","locations":[{"start":{"line":52,"column":2},"end":{"line":52,"column":79}},{"start":{},"end":{}}],"line":52},"14":{"loc":{"start":{"line":58,"column":17},"end":{"line":58,"column":53}},"type":"cond-expr","locations":[{"start":{"line":58,"column":40},"end":{"line":58,"column":45}},{"start":{"line":58,"column":48},"end":{"line":58,"column":53}}],"line":58},"15":{"loc":{"start":{"line":68,"column":19},"end":{"line":68,"column":97}},"type":"cond-expr","locations":[{"start":{"line":68,"column":42},"end":{"line":68,"column":85}},{"start":{"line":68,"column":88},"end":{"line":68,"column":97}}],"line":68},"16":{"loc":{"start":{"line":68,"column":19},"end":{"line":68,"column":39}},"type":"binary-expr","locations":[{"start":{"line":68,"column":19},"end":{"line":68,"column":27}},{"start":{"line":68,"column":31},"end":{"line":68,"column":39}}],"line":68},"17":{"loc":{"start":{"line":74,"column":14},"end":{"line":74,"column":67}},"type":"cond-expr","locations":[{"start":{"line":74,"column":36},"end":{"line":74,"column":55}},{"start":{"line":74,"column":58},"end":{"line":74,"column":67}}],"line":74},"18":{"loc":{"start":{"line":89,"column":4},"end":{"line":91,"column":5}},"type":"if","locations":[{"start":{"line":89,"column":4},"end":{"line":91,"column":5}},{"start":{},"end":{}}],"line":89},"19":{"loc":{"start":{"line":95,"column":4},"end":{"line":98,"column":5}},"type":"if","locations":[{"start":{"line":95,"column":4},"end":{"line":98,"column":5}},{"start":{},"end":{}}],"line":95},"20":{"loc":{"start":{"line":96,"column":18},"end":{"line":96,"column":90}},"type":"binary-expr","locations":[{"start":{"line":96,"column":18},"end":{"line":96,"column":31}},{"start":{"line":96,"column":35},"end":{"line":96,"column":46}},{"start":{"line":96,"column":50},"end":{"line":96,"column":90}}],"line":96},"21":{"loc":{"start":{"line":102,"column":36},"end":{"line":102,"column":69}},"type":"binary-expr","locations":[{"start":{"line":102,"column":36},"end":{"line":102,"column":46}},{"start":{"line":102,"column":50},"end":{"line":102,"column":69}}],"line":102},"22":{"loc":{"start":{"line":116,"column":12},"end":{"line":116,"column":47}},"type":"binary-expr","locations":[{"start":{"line":116,"column":12},"end":{"line":116,"column":32}},{"start":{"line":116,"column":36},"end":{"line":116,"column":47}}],"line":116},"23":{"loc":{"start":{"line":125,"column":6},"end":{"line":127,"column":7}},"type":"if","locations":[{"start":{"line":125,"column":6},"end":{"line":127,"column":7}},{"start":{},"end":{}}],"line":125},"24":{"loc":{"start":{"line":125,"column":10},"end":{"line":125,"column":48}},"type":"binary-expr","locations":[{"start":{"line":125,"column":10},"end":{"line":125,"column":21}},{"start":{"line":125,"column":25},"end":{"line":125,"column":48}}],"line":125},"25":{"loc":{"start":{"line":139,"column":15},"end":{"line":139,"column":69}},"type":"cond-expr","locations":[{"start":{"line":139,"column":34},"end":{"line":139,"column":62}},{"start":{"line":139,"column":65},"end":{"line":139,"column":69}}],"line":139},"26":{"loc":{"start":{"line":144,"column":6},"end":{"line":147,"column":7}},"type":"if","locations":[{"start":{"line":144,"column":6},"end":{"line":147,"column":7}},{"start":{},"end":{}}],"line":144},"27":{"loc":{"start":{"line":149,"column":6},"end":{"line":152,"column":7}},"type":"if","locations":[{"start":{"line":149,"column":6},"end":{"line":152,"column":7}},{"start":{},"end":{}}],"line":149},"28":{"loc":{"start":{"line":149,"column":10},"end":{"line":149,"column":47}},"type":"binary-expr","locations":[{"start":{"line":149,"column":10},"end":{"line":149,"column":26}},{"start":{"line":149,"column":30},"end":{"line":149,"column":47}}],"line":149},"29":{"loc":{"start":{"line":150,"column":25},"end":{"line":150,"column":78}},"type":"binary-expr","locations":[{"start":{"line":150,"column":25},"end":{"line":150,"column":38}},{"start":{"line":150,"column":42},"end":{"line":150,"column":53}},{"start":{"line":150,"column":57},"end":{"line":150,"column":78}}],"line":150},"30":{"loc":{"start":{"line":172,"column":2},"end":{"line":172,"column":25}},"type":"if","locations":[{"start":{"line":172,"column":2},"end":{"line":172,"column":25}},{"start":{},"end":{}}],"line":172},"31":{"loc":{"start":{"line":174,"column":24},"end":{"line":174,"column":42}},"type":"binary-expr","locations":[{"start":{"line":174,"column":24},"end":{"line":174,"column":36}},{"start":{"line":174,"column":40},"end":{"line":174,"column":42}}],"line":174},"32":{"loc":{"start":{"line":175,"column":2},"end":{"line":175,"column":34}},"type":"if","locations":[{"start":{"line":175,"column":2},"end":{"line":175,"column":34}},{"start":{},"end":{}}],"line":175},"33":{"loc":{"start":{"line":180,"column":2},"end":{"line":180,"column":30}},"type":"if","locations":[{"start":{"line":180,"column":2},"end":{"line":180,"column":30}},{"start":{},"end":{}}],"line":180}},"s":{"0":1,"1":1,"2":4,"3":4,"4":4,"5":4,"6":1,"7":4,"8":0,"9":4,"10":1,"11":4,"12":1,"13":4,"14":1,"15":4,"16":0,"17":4,"18":0,"19":4,"20":1,"21":4,"22":0,"23":4,"24":0,"25":4,"26":0,"27":4,"28":1,"29":1,"30":4,"31":4,"32":3,"33":1,"34":2,"35":2,"36":1,"37":1,"38":1,"39":1,"40":0,"41":0,"42":0,"43":0,"44":0,"45":0,"46":0,"47":0,"48":0,"49":0,"50":0,"51":0,"52":0,"53":0,"54":0,"55":0,"56":0,"57":0,"58":0,"59":0,"60":0,"61":0,"62":0,"63":0,"64":0,"65":0,"66":0,"67":0,"68":3,"69":3,"70":2,"71":1,"72":1,"73":1,"74":1,"75":0,"76":0,"77":0,"78":0,"79":0,"80":0,"81":2,"82":2,"83":2,"84":2,"85":2,"86":2},"f":{"0":4,"1":4,"2":1,"3":1,"4":0,"5":0,"6":0,"7":0,"8":0,"9":3,"10":0,"11":2,"12":2,"13":2},"b":{"0":[1,3],"1":[1,0],"2":[1,3],"3":[1,3],"4":[0,4],"5":[1,3],"6":[1,3],"7":[1,3],"8":[0,4],"9":[0,4],"10":[1,3],"11":[0,4],"12":[0,4],"13":[0,4],"14":[0,4],"15":[1,3],"16":[4,1],"17":[1,3],"18":[1,2],"19":[1,1],"20":[1,0,0],"21":[1,0],"22":[0,0],"23":[0,0],"24":[0,0],"25":[0,0],"26":[0,0],"27":[0,0],"28":[0,0],"29":[0,0,0],"30":[2,1],"31":[1,0],"32":[1,0],"33":[0,0]},"_coverageSchema":"1a1c01bbd47fc00a2c39e90264f33305004495a9","hash":"9883ffdfc36f69dcbe3a9d1f79328aab4b92a4f7"}
,"/Users/ncatalan/Documents/Proyect/app-vendor/store/nuevaPropiedad.ts": {"path":"/Users/ncatalan/Documents/Proyect/app-vendor/store/nuevaPropiedad.ts","statementMap":{"0":{"start":{"line":80,"column":37},"end":{"line":112,"column":1}},"1":{"start":{"line":114,"column":38},"end":{"line":176,"column":1}},"2":{"start":{"line":116,"column":14},"end":{"line":170,"column":5}},"3":{"start":{"line":119,"column":32},"end":{"line":119,"column":76}},"4":{"start":{"line":119,"column":48},"end":{"line":119,"column":74}},"5":{"start":{"line":121,"column":23},"end":{"line":121,"column":47}},"6":{"start":{"line":123,"column":27},"end":{"line":123,"column":41}},"7":{"start":{"line":126,"column":8},"end":{"line":128,"column":11}},"8":{"start":{"line":126,"column":24},"end":{"line":128,"column":9}},"9":{"start":{"line":131,"column":8},"end":{"line":133,"column":11}},"10":{"start":{"line":131,"column":24},"end":{"line":133,"column":9}},"11":{"start":{"line":132,"column":43},"end":{"line":132,"column":56}},"12":{"start":{"line":135,"column":31},"end":{"line":135,"column":45}},"13":{"start":{"line":138,"column":8},"end":{"line":144,"column":11}},"14":{"start":{"line":138,"column":24},"end":{"line":144,"column":9}},"15":{"start":{"line":140,"column":12},"end":{"line":142,"column":17}},"16":{"start":{"line":147,"column":8},"end":{"line":153,"column":11}},"17":{"start":{"line":147,"column":24},"end":{"line":153,"column":9}},"18":{"start":{"line":149,"column":12},"end":{"line":151,"column":17}},"19":{"start":{"line":156,"column":8},"end":{"line":162,"column":11}},"20":{"start":{"line":156,"column":24},"end":{"line":162,"column":9}},"21":{"start":{"line":158,"column":12},"end":{"line":160,"column":17}},"22":{"start":{"line":165,"column":8},"end":{"line":169,"column":11}},"23":{"start":{"line":165,"column":24},"end":{"line":169,"column":9}},"24":{"start":{"line":167,"column":12},"end":{"line":167,"column":94}},"25":{"start":{"line":173,"column":39},"end":{"line":173,"column":51}}},"fnMap":{"0":{"name":"(anonymous_0)","decl":{"start":{"line":116,"column":4},"end":{"line":116,"column":5}},"loc":{"start":{"line":116,"column":14},"end":{"line":170,"column":5}},"line":116},"1":{"name":"(anonymous_1)","decl":{"start":{"line":119,"column":16},"end":{"line":119,"column":17}},"loc":{"start":{"line":119,"column":32},"end":{"line":119,"column":76}},"line":119},"2":{"name":"(anonymous_2)","decl":{"start":{"line":119,"column":36},"end":{"line":119,"column":37}},"loc":{"start":{"line":119,"column":48},"end":{"line":119,"column":74}},"line":119},"3":{"name":"(anonymous_3)","decl":{"start":{"line":121,"column":17},"end":{"line":121,"column":18}},"loc":{"start":{"line":121,"column":23},"end":{"line":121,"column":47}},"line":121},"4":{"name":"(anonymous_4)","decl":{"start":{"line":123,"column":16},"end":{"line":123,"column":17}},"loc":{"start":{"line":123,"column":27},"end":{"line":123,"column":41}},"line":123},"5":{"name":"(anonymous_5)","decl":{"start":{"line":125,"column":15},"end":{"line":125,"column":16}},"loc":{"start":{"line":126,"column":8},"end":{"line":128,"column":11}},"line":126},"6":{"name":"(anonymous_6)","decl":{"start":{"line":126,"column":12},"end":{"line":126,"column":13}},"loc":{"start":{"line":126,"column":24},"end":{"line":128,"column":9}},"line":126},"7":{"name":"(anonymous_7)","decl":{"start":{"line":130,"column":18},"end":{"line":130,"column":19}},"loc":{"start":{"line":131,"column":8},"end":{"line":133,"column":11}},"line":131},"8":{"name":"(anonymous_8)","decl":{"start":{"line":131,"column":12},"end":{"line":131,"column":13}},"loc":{"start":{"line":131,"column":24},"end":{"line":133,"column":9}},"line":131},"9":{"name":"(anonymous_9)","decl":{"start":{"line":132,"column":36},"end":{"line":132,"column":37}},"loc":{"start":{"line":132,"column":43},"end":{"line":132,"column":56}},"line":132},"10":{"name":"(anonymous_10)","decl":{"start":{"line":135,"column":20},"end":{"line":135,"column":21}},"loc":{"start":{"line":135,"column":31},"end":{"line":135,"column":45}},"line":135},"11":{"name":"(anonymous_11)","decl":{"start":{"line":137,"column":22},"end":{"line":137,"column":23}},"loc":{"start":{"line":138,"column":8},"end":{"line":144,"column":11}},"line":138},"12":{"name":"(anonymous_12)","decl":{"start":{"line":138,"column":12},"end":{"line":138,"column":13}},"loc":{"start":{"line":138,"column":24},"end":{"line":144,"column":9}},"line":138},"13":{"name":"(anonymous_13)","decl":{"start":{"line":139,"column":33},"end":{"line":139,"column":34}},"loc":{"start":{"line":140,"column":12},"end":{"line":142,"column":17}},"line":140},"14":{"name":"(anonymous_14)","decl":{"start":{"line":146,"column":24},"end":{"line":146,"column":25}},"loc":{"start":{"line":147,"column":8},"end":{"line":153,"column":11}},"line":147},"15":{"name":"(anonymous_15)","decl":{"start":{"line":147,"column":12},"end":{"line":147,"column":13}},"loc":{"start":{"line":147,"column":24},"end":{"line":153,"column":9}},"line":147},"16":{"name":"(anonymous_16)","decl":{"start":{"line":148,"column":33},"end":{"line":148,"column":34}},"loc":{"start":{"line":149,"column":12},"end":{"line":151,"column":17}},"line":149},"17":{"name":"(anonymous_17)","decl":{"start":{"line":155,"column":26},"end":{"line":155,"column":27}},"loc":{"start":{"line":156,"column":8},"end":{"line":162,"column":11}},"line":156},"18":{"name":"(anonymous_18)","decl":{"start":{"line":156,"column":12},"end":{"line":156,"column":13}},"loc":{"start":{"line":156,"column":24},"end":{"line":162,"column":9}},"line":156},"19":{"name":"(anonymous_19)","decl":{"start":{"line":157,"column":33},"end":{"line":157,"column":34}},"loc":{"start":{"line":158,"column":12},"end":{"line":160,"column":17}},"line":158},"20":{"name":"(anonymous_20)","decl":{"start":{"line":164,"column":29},"end":{"line":164,"column":30}},"loc":{"start":{"line":165,"column":8},"end":{"line":169,"column":11}},"line":165},"21":{"name":"(anonymous_21)","decl":{"start":{"line":165,"column":12},"end":{"line":165,"column":13}},"loc":{"start":{"line":165,"column":24},"end":{"line":169,"column":9}},"line":165},"22":{"name":"(anonymous_22)","decl":{"start":{"line":166,"column":33},"end":{"line":166,"column":34}},"loc":{"start":{"line":167,"column":12},"end":{"line":167,"column":94}},"line":167},"23":{"name":"(anonymous_23)","decl":{"start":{"line":173,"column":33},"end":{"line":173,"column":34}},"loc":{"start":{"line":173,"column":39},"end":{"line":173,"column":51}},"line":173}},"branchMap":{"0":{"loc":{"start":{"line":127,"column":61},"end":{"line":127,"column":85}},"type":"binary-expr","locations":[{"start":{"line":127,"column":61},"end":{"line":127,"column":80}},{"start":{"line":127,"column":84},"end":{"line":127,"column":85}}],"line":127},"1":{"loc":{"start":{"line":140,"column":12},"end":{"line":142,"column":17}},"type":"cond-expr","locations":[{"start":{"line":141,"column":16},"end":{"line":141,"column":89}},{"start":{"line":142,"column":16},"end":{"line":142,"column":17}}],"line":140},"2":{"loc":{"start":{"line":149,"column":12},"end":{"line":151,"column":17}},"type":"cond-expr","locations":[{"start":{"line":150,"column":16},"end":{"line":150,"column":105}},{"start":{"line":151,"column":16},"end":{"line":151,"column":17}}],"line":149},"3":{"loc":{"start":{"line":150,"column":51},"end":{"line":150,"column":103}},"type":"cond-expr","locations":[{"start":{"line":150,"column":63},"end":{"line":150,"column":84}},{"start":{"line":150,"column":87},"end":{"line":150,"column":103}}],"line":150},"4":{"loc":{"start":{"line":150,"column":63},"end":{"line":150,"column":84}},"type":"binary-expr","locations":[{"start":{"line":150,"column":63},"end":{"line":150,"column":79}},{"start":{"line":150,"column":83},"end":{"line":150,"column":84}}],"line":150},"5":{"loc":{"start":{"line":158,"column":12},"end":{"line":160,"column":17}},"type":"cond-expr","locations":[{"start":{"line":159,"column":16},"end":{"line":159,"column":83}},{"start":{"line":160,"column":16},"end":{"line":160,"column":17}}],"line":158},"6":{"loc":{"start":{"line":159,"column":48},"end":{"line":159,"column":81}},"type":"cond-expr","locations":[{"start":{"line":159,"column":62},"end":{"line":159,"column":67}},{"start":{"line":159,"column":70},"end":{"line":159,"column":81}}],"line":159},"7":{"loc":{"start":{"line":167,"column":12},"end":{"line":167,"column":94}},"type":"cond-expr","locations":[{"start":{"line":167,"column":28},"end":{"line":167,"column":90}},{"start":{"line":167,"column":93},"end":{"line":167,"column":94}}],"line":167}},"s":{"0":1,"1":1,"2":1,"3":16,"4":16,"5":1,"6":0,"7":9,"8":9,"9":1,"10":1,"11":2,"12":1,"13":1,"14":1,"15":1,"16":1,"17":1,"18":1,"19":1,"20":1,"21":1,"22":1,"23":1,"24":1,"25":1},"f":{"0":1,"1":16,"2":16,"3":1,"4":0,"5":9,"6":9,"7":1,"8":1,"9":2,"10":1,"11":1,"12":1,"13":1,"14":1,"15":1,"16":1,"17":1,"18":1,"19":1,"20":1,"21":1,"22":1,"23":1},"b":{"0":[9,9],"1":[1,0],"2":[1,0],"3":[1,0],"4":[1,0],"5":[1,0],"6":[1,0],"7":[1,0]},"_coverageSchema":"1a1c01bbd47fc00a2c39e90264f33305004495a9","hash":"4e0f9be741811d30bf4ac4294aa6ffba79ede863"}
}
