TN:
SF:hooks/useAuth.ts
FN:28,useAuth
FN:51,(anonymous_1)
FN:52,(anonymous_2)
FN:67,(anonymous_3)
FN:74,(anonymous_4)
FN:116,(anonymous_5)
FN:120,(anonymous_6)
FN:147,(anonymous_7)
FN:151,(anonymous_8)
FN:152,(anonymous_9)
FNF:10
FNH:0
FNDA:0,useAuth
FNDA:0,(anonymous_1)
FNDA:0,(anonymous_2)
FNDA:0,(anonymous_3)
FNDA:0,(anonymous_4)
FNDA:0,(anonymous_5)
FNDA:0,(anonymous_6)
FNDA:0,(anonymous_7)
FNDA:0,(anonymous_8)
FNDA:0,(anonymous_9)
DA:7,0
DA:9,0
DA:10,0
DA:11,0
DA:12,0
DA:14,0
DA:29,0
DA:30,0
DA:31,0
DA:33,0
DA:35,0
DA:40,0
DA:51,0
DA:52,0
DA:53,0
DA:54,0
DA:55,0
DA:56,0
DA:57,0
DA:58,0
DA:59,0
DA:60,0
DA:63,0
DA:67,0
DA:68,0
DA:69,0
DA:70,0
DA:74,0
DA:75,0
DA:76,0
DA:85,0
DA:91,0
DA:93,0
DA:94,0
DA:95,0
DA:98,0
DA:101,0
DA:103,0
DA:104,0
DA:105,0
DA:107,0
DA:108,0
DA:110,0
DA:111,0
DA:116,0
DA:117,0
DA:120,0
DA:121,0
DA:122,0
DA:124,0
DA:131,0
DA:137,0
DA:139,0
DA:140,0
DA:141,0
DA:142,0
DA:144,0
DA:147,0
DA:148,0
DA:151,0
DA:152,0
DA:153,0
DA:154,0
DA:157,0
LF:64
LH:0
BRDA:9,0,0,0
BRDA:9,0,1,0
BRDA:10,1,0,0
BRDA:10,1,1,0
BRDA:54,2,0,0
BRDA:54,2,1,0
BRDA:58,3,0,0
BRDA:58,3,1,0
BRDA:58,4,0,0
BRDA:58,4,1,0
BRDA:59,5,0,0
BRDA:59,5,1,0
BRDA:68,6,0,0
BRDA:68,6,1,0
BRDA:79,7,0,0
BRDA:79,7,1,0
BRDA:82,8,0,0
BRDA:82,8,1,0
BRDA:91,9,0,0
BRDA:91,9,1,0
BRDA:105,10,0,0
BRDA:105,10,1,0
BRDA:110,11,0,0
BRDA:110,11,1,0
BRDA:122,12,0,0
BRDA:122,12,1,0
BRDA:127,13,0,0
BRDA:127,13,1,0
BRDA:137,14,0,0
BRDA:137,14,1,0
BRDA:141,15,0,0
BRDA:141,15,1,0
BRF:32
BRH:0
end_of_record
TN:
SF:hooks/useImagePicker.ts
FN:17,getFileSize
FN:27,getResizeActions
FN:42,compressImage
FN:89,showPermissionAlert
FN:94,(anonymous_4)
FN:101,requestCameraPermission
FN:117,requestGalleryPermission
FN:133,useImagePicker
FN:134,(anonymous_8)
FN:154,(anonymous_9)
FN:160,(anonymous_10)
FNF:11
FNH:0
FNDA:0,getFileSize
FNDA:0,getResizeActions
FNDA:0,compressImage
FNDA:0,showPermissionAlert
FNDA:0,(anonymous_4)
FNDA:0,requestCameraPermission
FNDA:0,requestGalleryPermission
FNDA:0,useImagePicker
FNDA:0,(anonymous_8)
FNDA:0,(anonymous_9)
FNDA:0,(anonymous_10)
DA:12,0
DA:13,0
DA:14,0
DA:15,0
DA:18,0
DA:19,0
DA:20,0
DA:21,0
DA:23,0
DA:28,0
DA:29,0
DA:32,0
DA:33,0
DA:34,0
DA:37,0
DA:48,0
DA:49,0
DA:51,0
DA:52,0
DA:60,0
DA:62,0
DA:63,0
DA:68,0
DA:69,0
DA:76,0
DA:77,0
DA:81,0
DA:90,0
DA:95,0
DA:102,0
DA:103,0
DA:104,0
DA:107,0
DA:108,0
DA:109,0
DA:114,0
DA:118,0
DA:119,0
DA:120,0
DA:123,0
DA:124,0
DA:125,0
DA:130,0
DA:134,0
DA:135,0
DA:136,0
DA:137,0
DA:142,0
DA:149,0
DA:150,0
DA:153,0
DA:155,0
DA:160,0
DA:161,0
DA:162,0
DA:163,0
DA:168,0
DA:173,0
DA:174,0
DA:177,0
DA:178,0
DA:181,0
LF:62
LH:0
BRDA:28,0,0,0
BRDA:28,0,1,0
BRDA:28,1,0,0
BRDA:28,1,1,0
BRDA:33,2,0,0
BRDA:33,2,1,0
BRDA:37,3,0,0
BRDA:37,3,1,0
BRDA:49,4,0,0
BRDA:49,4,1,0
BRDA:51,5,0,0
BRDA:51,5,1,0
BRDA:51,6,0,0
BRDA:51,6,1,0
BRDA:51,6,2,0
BRDA:54,7,0,0
BRDA:54,7,1,0
BRDA:55,8,0,0
BRDA:55,8,1,0
BRDA:76,9,0,0
BRDA:76,9,1,0
BRDA:76,10,0,0
BRDA:76,10,1,0
BRDA:81,11,0,0
BRDA:81,11,1,0
BRDA:83,12,0,0
BRDA:83,12,1,0
BRDA:84,13,0,0
BRDA:84,13,1,0
BRDA:103,14,0,0
BRDA:103,14,1,0
BRDA:108,15,0,0
BRDA:108,15,1,0
BRDA:119,16,0,0
BRDA:119,16,1,0
BRDA:124,17,0,0
BRDA:124,17,1,0
BRDA:136,18,0,0
BRDA:136,18,1,0
BRDA:149,19,0,0
BRDA:149,19,1,0
BRDA:162,20,0,0
BRDA:162,20,1,0
BRDA:173,21,0,0
BRDA:173,21,1,0
BRF:45
BRH:0
end_of_record
TN:
SF:services/geocoding.ts
FN:23,geocodeAddress
FN:43,reverseGeocode
FN:57,searchPlaceSuggestions
FN:74,(anonymous_3)
FN:82,getPlaceDetails
FNF:5
FNH:0
FNDA:0,geocodeAddress
FNDA:0,reverseGeocode
FNDA:0,searchPlaceSuggestions
FNDA:0,(anonymous_3)
FNDA:0,getPlaceDetails
DA:3,0
DA:4,0
DA:24,0
DA:26,0
DA:27,0
DA:29,0
DA:30,0
DA:32,0
DA:33,0
DA:35,0
DA:36,0
DA:44,0
DA:46,0
DA:48,0
DA:49,0
DA:51,0
DA:52,0
DA:54,0
DA:58,0
DA:59,0
DA:62,0
DA:63,0
DA:64,0
DA:65,0
DA:66,0
DA:69,0
DA:70,0
DA:71,0
DA:74,0
DA:83,0
DA:84,0
DA:87,0
DA:88,0
DA:89,0
DA:90,0
DA:93,0
DA:94,0
DA:95,0
DA:98,0
LF:39
LH:0
BRDA:3,0,0,0
BRDA:3,0,1,0
BRDA:24,1,0,0
BRDA:24,1,1,0
BRDA:30,2,0,0
BRDA:30,2,1,0
BRDA:33,3,0,0
BRDA:33,3,1,0
BRDA:33,4,0,0
BRDA:33,4,1,0
BRDA:44,5,0,0
BRDA:44,5,1,0
BRDA:49,6,0,0
BRDA:49,6,1,0
BRDA:52,7,0,0
BRDA:52,7,1,0
BRDA:52,8,0,0
BRDA:52,8,1,0
BRDA:58,9,0,0
BRDA:58,9,1,0
BRDA:58,10,0,0
BRDA:58,10,1,0
BRDA:65,11,0,0
BRDA:65,11,1,0
BRDA:70,12,0,0
BRDA:70,12,1,0
BRDA:70,13,0,0
BRDA:70,13,1,0
BRDA:74,14,0,0
BRDA:74,14,1,0
BRDA:77,15,0,0
BRDA:77,15,1,0
BRDA:83,16,0,0
BRDA:83,16,1,0
BRDA:83,17,0,0
BRDA:83,17,1,0
BRDA:89,18,0,0
BRDA:89,18,1,0
BRDA:94,19,0,0
BRDA:94,19,1,0
BRDA:94,20,0,0
BRDA:94,20,1,0
BRF:42
BRH:0
end_of_record
TN:
SF:services/portalInmobiliario.ts
FN:8,mapPropertyType
FN:29,publishProperty
FN:64,(anonymous_2)
FN:64,(anonymous_3)
FN:106,uploadPhoto
FN:111,(anonymous_5)
FN:124,(anonymous_6)
FN:133,(anonymous_7)
FN:135,(anonymous_8)
FN:162,getUserItems
FN:182,(anonymous_10)
FN:185,pauseItem
FN:194,activateItem
FN:203,deleteItem
FNF:14
FNH:8
FNDA:4,mapPropertyType
FNDA:4,publishProperty
FNDA:1,(anonymous_2)
FNDA:1,(anonymous_3)
FNDA:0,uploadPhoto
FNDA:0,(anonymous_5)
FNDA:0,(anonymous_6)
FNDA:0,(anonymous_7)
FNDA:0,(anonymous_8)
FNDA:3,getUserItems
FNDA:0,(anonymous_10)
FNDA:2,pauseItem
FNDA:2,activateItem
FNDA:2,deleteItem
DA:3,1
DA:6,1
DA:9,4
DA:19,4
DA:33,4
DA:38,4
DA:39,1
DA:41,4
DA:42,0
DA:44,4
DA:45,4
DA:46,4
DA:47,4
DA:48,4
DA:49,4
DA:50,4
DA:51,4
DA:52,4
DA:54,4
DA:64,1
DA:78,4
DA:79,4
DA:89,3
DA:90,1
DA:93,2
DA:95,2
DA:96,1
DA:97,1
DA:100,1
DA:102,1
DA:111,0
DA:112,0
DA:113,0
DA:119,0
DA:120,0
DA:121,0
DA:122,0
DA:124,0
DA:125,0
DA:126,0
DA:129,0
DA:130,0
DA:133,0
DA:135,0
DA:136,0
DA:138,0
DA:139,0
DA:141,0
DA:144,0
DA:145,0
DA:146,0
DA:149,0
DA:150,0
DA:151,0
DA:154,0
DA:155,0
DA:158,0
DA:166,3
DA:172,3
DA:173,1
DA:174,1
DA:175,1
DA:177,0
DA:180,0
DA:181,0
DA:182,0
DA:186,2
DA:191,2
DA:195,2
DA:200,2
DA:204,2
DA:209,2
LF:72
LH:40
BRDA:19,0,0,1
BRDA:19,0,1,3
BRDA:19,1,0,1
BRDA:19,1,1,0
BRDA:34,2,0,1
BRDA:34,2,1,3
BRDA:38,3,0,1
BRDA:38,3,1,3
BRDA:41,4,0,0
BRDA:41,4,1,4
BRDA:44,5,0,1
BRDA:44,5,1,3
BRDA:45,6,0,1
BRDA:45,6,1,3
BRDA:46,7,0,1
BRDA:46,7,1,3
BRDA:47,8,0,0
BRDA:47,8,1,4
BRDA:48,9,0,0
BRDA:48,9,1,4
BRDA:49,10,0,1
BRDA:49,10,1,3
BRDA:50,11,0,0
BRDA:50,11,1,4
BRDA:51,12,0,0
BRDA:51,12,1,4
BRDA:52,13,0,0
BRDA:52,13,1,4
BRDA:58,14,0,0
BRDA:58,14,1,4
BRDA:68,15,0,1
BRDA:68,15,1,3
BRDA:68,16,0,4
BRDA:68,16,1,1
BRDA:74,17,0,1
BRDA:74,17,1,3
BRDA:89,18,0,1
BRDA:89,18,1,2
BRDA:95,19,0,1
BRDA:95,19,1,1
BRDA:96,20,0,1
BRDA:96,20,1,0
BRDA:96,20,2,0
BRDA:102,21,0,1
BRDA:102,21,1,0
BRDA:116,22,0,0
BRDA:116,22,1,0
BRDA:125,23,0,0
BRDA:125,23,1,0
BRDA:125,24,0,0
BRDA:125,24,1,0
BRDA:139,25,0,0
BRDA:139,25,1,0
BRDA:144,26,0,0
BRDA:144,26,1,0
BRDA:149,27,0,0
BRDA:149,27,1,0
BRDA:149,28,0,0
BRDA:149,28,1,0
BRDA:150,29,0,0
BRDA:150,29,1,0
BRDA:150,29,2,0
BRDA:172,30,0,2
BRDA:172,30,1,1
BRDA:174,31,0,1
BRDA:174,31,1,0
BRDA:175,32,0,1
BRDA:175,32,1,0
BRDA:180,33,0,0
BRDA:180,33,1,0
BRF:70
BRH:38
end_of_record
TN:
SF:store/nuevaPropiedad.ts
FN:116,(anonymous_0)
FN:119,(anonymous_1)
FN:119,(anonymous_2)
FN:121,(anonymous_3)
FN:123,(anonymous_4)
FN:125,(anonymous_5)
FN:126,(anonymous_6)
FN:130,(anonymous_7)
FN:131,(anonymous_8)
FN:132,(anonymous_9)
FN:135,(anonymous_10)
FN:137,(anonymous_11)
FN:138,(anonymous_12)
FN:139,(anonymous_13)
FN:146,(anonymous_14)
FN:147,(anonymous_15)
FN:148,(anonymous_16)
FN:155,(anonymous_17)
FN:156,(anonymous_18)
FN:157,(anonymous_19)
FN:164,(anonymous_20)
FN:165,(anonymous_21)
FN:166,(anonymous_22)
FN:173,(anonymous_23)
FNF:24
FNH:23
FNDA:1,(anonymous_0)
FNDA:16,(anonymous_1)
FNDA:16,(anonymous_2)
FNDA:1,(anonymous_3)
FNDA:0,(anonymous_4)
FNDA:9,(anonymous_5)
FNDA:9,(anonymous_6)
FNDA:1,(anonymous_7)
FNDA:1,(anonymous_8)
FNDA:2,(anonymous_9)
FNDA:1,(anonymous_10)
FNDA:1,(anonymous_11)
FNDA:1,(anonymous_12)
FNDA:1,(anonymous_13)
FNDA:1,(anonymous_14)
FNDA:1,(anonymous_15)
FNDA:1,(anonymous_16)
FNDA:1,(anonymous_17)
FNDA:1,(anonymous_18)
FNDA:1,(anonymous_19)
FNDA:1,(anonymous_20)
FNDA:1,(anonymous_21)
FNDA:1,(anonymous_22)
FNDA:1,(anonymous_23)
DA:80,1
DA:114,1
DA:116,1
DA:119,16
DA:121,1
DA:123,0
DA:126,9
DA:131,1
DA:132,2
DA:135,1
DA:138,1
DA:140,1
DA:147,1
DA:149,1
DA:156,1
DA:158,1
DA:165,1
DA:167,1
DA:173,1
LF:19
LH:18
BRDA:127,0,0,9
BRDA:127,0,1,9
BRDA:140,1,0,1
BRDA:140,1,1,0
BRDA:149,2,0,1
BRDA:149,2,1,0
BRDA:150,3,0,1
BRDA:150,3,1,0
BRDA:150,4,0,1
BRDA:150,4,1,0
BRDA:158,5,0,1
BRDA:158,5,1,0
BRDA:159,6,0,1
BRDA:159,6,1,0
BRDA:167,7,0,1
BRDA:167,7,1,0
BRF:16
BRH:9
end_of_record
